Using pre-set license
Built from '2020.2/release' branch; Version is '2020.2.0f1 (3721df5a8b28) revision 3613151'; Using compiler version '192528614'; Build Type 'Release'
OS: 'Windows 10  (10.0.0) 64bit' Language: 'en' Physical Memory: 8013 MB
BatchMode: 1, IsHumanControllingUs: 0, StartBugReporterOnCrash: 0, Is64bit: 1, IsPro: 0

 COMMAND LINE ARGUMENTS:
C:\Program Files\Unity\Hub\Editor\2020.2.0f1\Editor\Unity.exe
-adb2
-batchMode
-noUpm
-name
AssetImportWorker4
-projectPath
C:/Users/dhruv/OneDrive - NASA International College/Documents/Unity Projects/Dev Squad Game Jam/DevSquadJam/DevSquad Jam
-logFile
Logs/AssetImportWorker4.log
-srvPort
53702
Successfully changed project path to: C:/Users/dhruv/OneDrive - NASA International College/Documents/Unity Projects/Dev Squad Game Jam/DevSquadJam/DevSquad Jam
C:/Users/dhruv/OneDrive - NASA International College/Documents/Unity Projects/Dev Squad Game Jam/DevSquadJam/DevSquad Jam
Using Asset Import Pipeline V2.
Refreshing native plugins compatible for Editor in 76.97 ms, found 0 plugins.
Preloading 0 native plugins for Editor in 0.00 ms.
Initialize engine version: 2020.2.0f1 (3721df5a8b28)
[Subsystems] Discovering subsystems at path C:/Program Files/Unity/Hub/Editor/2020.2.0f1/Editor/Data/Resources/UnitySubsystems
[Subsystems] Discovering subsystems at path C:/Users/dhruv/OneDrive - NASA International College/Documents/Unity Projects/Dev Squad Game Jam/DevSquadJam/DevSquad Jam/Assets
GfxDevice: creating device client; threaded=0
Direct3D:
    Version:  Direct3D 11.0 [level 11.1]
    Renderer: Intel(R) UHD Graphics 620 (ID=0x3ea0)
    Vendor:   
    VRAM:     4006 MB
    Driver:   24.20.100.6346
Initialize mono
Mono path[0] = 'C:/Program Files/Unity/Hub/Editor/2020.2.0f1/Editor/Data/Managed'
Mono path[1] = 'C:/Program Files/Unity/Hub/Editor/2020.2.0f1/Editor/Data/MonoBleedingEdge/lib/mono/unityjit'
Mono config path = 'C:/Program Files/Unity/Hub/Editor/2020.2.0f1/Editor/Data/MonoBleedingEdge/etc'
Using monoOptions --debugger-agent=transport=dt_socket,embedding=1,server=y,suspend=n,address=127.0.0.1:56692
Begin MonoManager ReloadAssembly
Registering precompiled unity dll's ...
Register platform support module: C:/Program Files/Unity/Hub/Editor/2020.2.0f1/Editor/Data/PlaybackEngines/WebGLSupport/UnityEditor.WebGL.Extensions.dll
Register platform support module: C:/Program Files/Unity/Hub/Editor/2020.2.0f1/Editor/Data/PlaybackEngines/WindowsStandaloneSupport/UnityEditor.WindowsStandalone.Extensions.dll
Register platform support module: C:/Program Files/Unity/Hub/Editor/2020.2.0f1/Editor/Data/PlaybackEngines/LinuxStandaloneSupport/UnityEditor.LinuxStandalone.Extensions.dll
Registered in 0.014098 seconds.
Native extension for LinuxStandalone target not found
Native extension for WindowsStandalone target not found
Native extension for WebGL target not found
Refreshing native plugins compatible for Editor in 93.83 ms, found 0 plugins.
Preloading 0 native plugins for Editor in 0.00 ms.
Invoked RoslynAnalysisRunner static constructor.
RoslynAnalysisRunner will not be running.
RoslynAnalysisRunner has terminated.
Mono: successfully reloaded assembly
- Completed reload, in  7.403 seconds
Platform modules already initialized, skipping
Registering precompiled user dll's ...
Registered in 0.005896 seconds.
Begin MonoManager ReloadAssembly
Native extension for LinuxStandalone target not found
Native extension for WindowsStandalone target not found
Native extension for WebGL target not found
Refreshing native plugins compatible for Editor in 0.78 ms, found 0 plugins.
Preloading 0 native plugins for Editor in 0.00 ms.
Invoked RoslynAnalysisRunner static constructor.
RoslynAnalysisRunner will not be running.
RoslynAnalysisRunner has terminated.
Mono: successfully reloaded assembly
- Completed reload, in  4.479 seconds
Platform modules already initialized, skipping
========================================================================
Worker process is ready to serve import requests
Launched and connected shader compiler UnityShaderCompiler.exe after 0.48 seconds
Refreshing native plugins compatible for Editor in 0.70 ms, found 0 plugins.
Preloading 0 native plugins for Editor in 0.00 ms.
Unloading 1228 Unused Serialized files (Serialized files now loaded: 0)
System memory in use before: 66.8 MB.
System memory in use after: 66.9 MB.

Unloading 9 unused Assets to reduce memory usage. Loaded Objects now: 1673.
Total: 5.825100 ms (FindLiveObjects: 0.403600 ms CreateObjectMapping: 0.222800 ms MarkObjects: 5.034400 ms  DeleteObjects: 0.160300 ms)

========================================================================
Received Import Request.
  path: Assets/Scripts/CameraControll.cs
  artifactKey: Guid(c7f0c0e5cb67b4649b36d0c567438bb6) Importer(815301076,1909f56bfc062723c751e8b465ee728b)
Start importing Assets/Scripts/CameraControll.cs using Guid(c7f0c0e5cb67b4649b36d0c567438bb6) Importer(815301076,1909f56bfc062723c751e8b465ee728b)  -> (artifact id: '56e28e75118543b71d599947347aff0e') in 0.164310 seconds
  Import took 0.232617 seconds .

========================================================================
Received Prepare
Registering precompiled user dll's ...
Registered in 0.002967 seconds.
Begin MonoManager ReloadAssembly
Native extension for LinuxStandalone target not found
Native extension for WindowsStandalone target not found
Native extension for WebGL target not found
Refreshing native plugins compatible for Editor in 0.34 ms, found 0 plugins.
Preloading 0 native plugins for Editor in 0.00 ms.
Invoked RoslynAnalysisRunner static constructor.
RoslynAnalysisRunner will not be running.
RoslynAnalysisRunner has terminated.
Mono: successfully reloaded assembly
- Completed reload, in  2.490 seconds
Platform modules already initialized, skipping
Refreshing native plugins compatible for Editor in 0.34 ms, found 0 plugins.
Preloading 0 native plugins for Editor in 0.00 ms.
Unloading 1182 Unused Serialized files (Serialized files now loaded: 0)
System memory in use before: 63.9 MB.
System memory in use after: 64.0 MB.

Unloading 4 unused Assets to reduce memory usage. Loaded Objects now: 1675.
Total: 2.459200 ms (FindLiveObjects: 0.213900 ms CreateObjectMapping: 0.072200 ms MarkObjects: 2.147400 ms  DeleteObjects: 0.024000 ms)

========================================================================
Received Import Request.
  Time since last request: 306.493358 seconds.
  path: Assets/Scripts/CameraController.cs
  artifactKey: Guid(c7f0c0e5cb67b4649b36d0c567438bb6) Importer(815301076,1909f56bfc062723c751e8b465ee728b)
Start importing Assets/Scripts/CameraController.cs using Guid(c7f0c0e5cb67b4649b36d0c567438bb6) Importer(815301076,1909f56bfc062723c751e8b465ee728b)  -> (artifact id: '2eec8418b562aa42c3e53a39f9e830bc') in 0.024772 seconds
  Import took 0.084973 seconds .

========================================================================
Received Import Request.
  Time since last request: 0.023002 seconds.
  path: Assets/Scripts/CameraController.cs
  artifactKey: Guid(c7f0c0e5cb67b4649b36d0c567438bb6) Importer(815301076,1909f56bfc062723c751e8b465ee728b)
Start importing Assets/Scripts/CameraController.cs using Guid(c7f0c0e5cb67b4649b36d0c567438bb6) Importer(815301076,1909f56bfc062723c751e8b465ee728b)  -> (artifact id: '2eec8418b562aa42c3e53a39f9e830bc') in 0.009060 seconds
  Import took 0.069544 seconds .

========================================================================
Received Prepare
Registering precompiled user dll's ...
Registered in 0.003948 seconds.
Begin MonoManager ReloadAssembly
Native extension for LinuxStandalone target not found
Native extension for WindowsStandalone target not found
Native extension for WebGL target not found
Refreshing native plugins compatible for Editor in 0.70 ms, found 0 plugins.
Preloading 0 native plugins for Editor in 0.00 ms.
Invoked RoslynAnalysisRunner static constructor.
RoslynAnalysisRunner will not be running.
RoslynAnalysisRunner has terminated.
Mono: successfully reloaded assembly
- Completed reload, in  3.346 seconds
Platform modules already initialized, skipping
Refreshing native plugins compatible for Editor in 0.71 ms, found 0 plugins.
Preloading 0 native plugins for Editor in 0.00 ms.
Unloading 1182 Unused Serialized files (Serialized files now loaded: 0)
System memory in use before: 64.8 MB.
System memory in use after: 64.9 MB.

Unloading 4 unused Assets to reduce memory usage. Loaded Objects now: 1677.
Total: 3.274800 ms (FindLiveObjects: 0.252300 ms CreateObjectMapping: 0.079200 ms MarkObjects: 2.919400 ms  DeleteObjects: 0.022300 ms)

========================================================================
Received Prepare
Registering precompiled user dll's ...
Registered in 0.002088 seconds.
Begin MonoManager ReloadAssembly
Native extension for LinuxStandalone target not found
Native extension for WindowsStandalone target not found
Native extension for WebGL target not found
Refreshing native plugins compatible for Editor in 1.31 ms, found 0 plugins.
Preloading 0 native plugins for Editor in 0.00 ms.
Invoked RoslynAnalysisRunner static constructor.
RoslynAnalysisRunner will not be running.
RoslynAnalysisRunner has terminated.
Mono: successfully reloaded assembly
- Completed reload, in  2.302 seconds
Platform modules already initialized, skipping
Refreshing native plugins compatible for Editor in 0.51 ms, found 0 plugins.
Preloading 0 native plugins for Editor in 0.00 ms.
Unloading 1182 Unused Serialized files (Serialized files now loaded: 0)
System memory in use before: 65.0 MB.
System memory in use after: 65.1 MB.

Unloading 4 unused Assets to reduce memory usage. Loaded Objects now: 1679.
Total: 2.624600 ms (FindLiveObjects: 0.199800 ms CreateObjectMapping: 0.071400 ms MarkObjects: 2.326200 ms  DeleteObjects: 0.025500 ms)

========================================================================
Received Prepare
Registering precompiled user dll's ...
Registered in 0.004044 seconds.
Begin MonoManager ReloadAssembly
Native extension for LinuxStandalone target not found
Native extension for WindowsStandalone target not found
Native extension for WebGL target not found
Refreshing native plugins compatible for Editor in 0.99 ms, found 0 plugins.
Preloading 0 native plugins for Editor in 0.00 ms.
Invoked RoslynAnalysisRunner static constructor.
RoslynAnalysisRunner will not be running.
RoslynAnalysisRunner has terminated.
Mono: successfully reloaded assembly
- Completed reload, in  3.153 seconds
Platform modules already initialized, skipping
Refreshing native plugins compatible for Editor in 0.74 ms, found 0 plugins.
Preloading 0 native plugins for Editor in 0.00 ms.
Unloading 1182 Unused Serialized files (Serialized files now loaded: 0)
System memory in use before: 65.0 MB.
System memory in use after: 65.1 MB.

Unloading 4 unused Assets to reduce memory usage. Loaded Objects now: 1681.
Total: 4.203600 ms (FindLiveObjects: 0.303100 ms CreateObjectMapping: 0.106900 ms MarkObjects: 3.764500 ms  DeleteObjects: 0.026900 ms)

========================================================================
Received Import Request.
  Time since last request: 101.183820 seconds.
  path: Assets/Scripts/Ship Controller Scripts/CameraController.cs
  artifactKey: Guid(c7f0c0e5cb67b4649b36d0c567438bb6) Importer(815301076,1909f56bfc062723c751e8b465ee728b)
Start importing Assets/Scripts/Ship Controller Scripts/CameraController.cs using Guid(c7f0c0e5cb67b4649b36d0c567438bb6) Importer(815301076,1909f56bfc062723c751e8b465ee728b)  -> (artifact id: '63883e4df014d23474bde585c4b851d8') in 0.015467 seconds
  Import took 0.176315 seconds .

========================================================================
Received Import Request.
  Time since last request: 1.842552 seconds.
  path: Assets/Scripts/Ship Controller Scripts/ShipController.cs
  artifactKey: Guid(f6b9e4bedebe6474f836e73b6d9b8362) Importer(815301076,1909f56bfc062723c751e8b465ee728b)
Start importing Assets/Scripts/Ship Controller Scripts/ShipController.cs using Guid(f6b9e4bedebe6474f836e73b6d9b8362) Importer(815301076,1909f56bfc062723c751e8b465ee728b)  -> (artifact id: 'b6c08e7401fee7838e44c3e362e6ad14') in 0.006195 seconds
  Import took 0.074010 seconds .

========================================================================
Received Prepare
Registering precompiled user dll's ...
Registered in 0.002769 seconds.
Begin MonoManager ReloadAssembly
Native extension for LinuxStandalone target not found
Native extension for WindowsStandalone target not found
Native extension for WebGL target not found
Refreshing native plugins compatible for Editor in 0.71 ms, found 0 plugins.
Preloading 0 native plugins for Editor in 0.00 ms.
Invoked RoslynAnalysisRunner static constructor.
RoslynAnalysisRunner will not be running.
RoslynAnalysisRunner has terminated.
Mono: successfully reloaded assembly
- Completed reload, in  3.129 seconds
Platform modules already initialized, skipping
Refreshing native plugins compatible for Editor in 0.45 ms, found 0 plugins.
Preloading 0 native plugins for Editor in 0.00 ms.
Unloading 1182 Unused Serialized files (Serialized files now loaded: 0)
System memory in use before: 64.7 MB.
System memory in use after: 64.8 MB.

Unloading 4 unused Assets to reduce memory usage. Loaded Objects now: 1683.
Total: 2.927500 ms (FindLiveObjects: 0.275400 ms CreateObjectMapping: 0.079500 ms MarkObjects: 2.548200 ms  DeleteObjects: 0.022100 ms)

========================================================================
Received Prepare
Registering precompiled user dll's ...
Registered in 0.002669 seconds.
Begin MonoManager ReloadAssembly
Native extension for LinuxStandalone target not found
Native extension for WindowsStandalone target not found
Native extension for WebGL target not found
Refreshing native plugins compatible for Editor in 0.70 ms, found 0 plugins.
Preloading 0 native plugins for Editor in 0.00 ms.
Invoked RoslynAnalysisRunner static constructor.
RoslynAnalysisRunner will not be running.
RoslynAnalysisRunner has terminated.
Mono: successfully reloaded assembly
- Completed reload, in  3.099 seconds
Platform modules already initialized, skipping
Refreshing native plugins compatible for Editor in 0.79 ms, found 0 plugins.
Preloading 0 native plugins for Editor in 0.00 ms.
Unloading 1182 Unused Serialized files (Serialized files now loaded: 0)
System memory in use before: 65.0 MB.
System memory in use after: 65.1 MB.

Unloading 4 unused Assets to reduce memory usage. Loaded Objects now: 1685.
Total: 2.661400 ms (FindLiveObjects: 0.186200 ms CreateObjectMapping: 0.062100 ms MarkObjects: 2.384900 ms  DeleteObjects: 0.026500 ms)

========================================================================
Received Prepare
Registering precompiled user dll's ...
Registered in 0.001781 seconds.
Begin MonoManager ReloadAssembly
Native extension for LinuxStandalone target not found
Native extension for WindowsStandalone target not found
Native extension for WebGL target not found
Refreshing native plugins compatible for Editor in 0.77 ms, found 0 plugins.
Preloading 0 native plugins for Editor in 0.00 ms.
Invoked RoslynAnalysisRunner static constructor.
RoslynAnalysisRunner will not be running.
RoslynAnalysisRunner has terminated.
Mono: successfully reloaded assembly
- Completed reload, in  3.033 seconds
Platform modules already initialized, skipping
Refreshing native plugins compatible for Editor in 0.49 ms, found 0 plugins.
Preloading 0 native plugins for Editor in 0.00 ms.
Unloading 1182 Unused Serialized files (Serialized files now loaded: 0)
System memory in use before: 64.9 MB.
System memory in use after: 65.0 MB.

Unloading 4 unused Assets to reduce memory usage. Loaded Objects now: 1687.
Total: 3.190000 ms (FindLiveObjects: 0.276600 ms CreateObjectMapping: 0.079800 ms MarkObjects: 2.798800 ms  DeleteObjects: 0.033000 ms)

========================================================================
Received Prepare
Registering precompiled user dll's ...
Registered in 0.002844 seconds.
Begin MonoManager ReloadAssembly
Native extension for LinuxStandalone target not found
Native extension for WindowsStandalone target not found
Native extension for WebGL target not found
Refreshing native plugins compatible for Editor in 0.73 ms, found 0 plugins.
Preloading 0 native plugins for Editor in 0.00 ms.
Invoked RoslynAnalysisRunner static constructor.
RoslynAnalysisRunner will not be running.
RoslynAnalysisRunner has terminated.
Mono: successfully reloaded assembly
- Completed reload, in  3.131 seconds
Platform modules already initialized, skipping
Refreshing native plugins compatible for Editor in 0.72 ms, found 0 plugins.
Preloading 0 native plugins for Editor in 0.00 ms.
Unloading 1182 Unused Serialized files (Serialized files now loaded: 0)
System memory in use before: 65.0 MB.
System memory in use after: 65.1 MB.

Unloading 4 unused Assets to reduce memory usage. Loaded Objects now: 1689.
Total: 4.138400 ms (FindLiveObjects: 0.409700 ms CreateObjectMapping: 0.147600 ms MarkObjects: 3.554200 ms  DeleteObjects: 0.024300 ms)

========================================================================
Received Prepare
Registering precompiled user dll's ...
Registered in 0.003743 seconds.
Begin MonoManager ReloadAssembly
Native extension for LinuxStandalone target not found
Native extension for WindowsStandalone target not found
Native extension for WebGL target not found
Refreshing native plugins compatible for Editor in 0.99 ms, found 0 plugins.
Preloading 0 native plugins for Editor in 0.00 ms.
Invoked RoslynAnalysisRunner static constructor.
RoslynAnalysisRunner will not be running.
RoslynAnalysisRunner has terminated.
Mono: successfully reloaded assembly
- Completed reload, in  3.944 seconds
Platform modules already initialized, skipping
Refreshing native plugins compatible for Editor in 0.40 ms, found 0 plugins.
Preloading 0 native plugins for Editor in 0.00 ms.
Unloading 1182 Unused Serialized files (Serialized files now loaded: 0)
System memory in use before: 65.0 MB.
System memory in use after: 65.1 MB.

Unloading 4 unused Assets to reduce memory usage. Loaded Objects now: 1691.
Total: 3.072800 ms (FindLiveObjects: 0.232800 ms CreateObjectMapping: 0.114600 ms MarkObjects: 2.679500 ms  DeleteObjects: 0.043000 ms)

========================================================================
Received Prepare
Registering precompiled user dll's ...
Registered in 0.002175 seconds.
Begin MonoManager ReloadAssembly
Native extension for LinuxStandalone target not found
Native extension for WindowsStandalone target not found
Native extension for WebGL target not found
Refreshing native plugins compatible for Editor in 0.51 ms, found 0 plugins.
Preloading 0 native plugins for Editor in 0.00 ms.
Invoked RoslynAnalysisRunner static constructor.
RoslynAnalysisRunner will not be running.
RoslynAnalysisRunner has terminated.
Mono: successfully reloaded assembly
- Completed reload, in  3.179 seconds
Platform modules already initialized, skipping
Refreshing native plugins compatible for Editor in 0.58 ms, found 0 plugins.
Preloading 0 native plugins for Editor in 0.00 ms.
Unloading 1182 Unused Serialized files (Serialized files now loaded: 0)
System memory in use before: 64.8 MB.
System memory in use after: 64.9 MB.

Unloading 4 unused Assets to reduce memory usage. Loaded Objects now: 1693.
Total: 3.269900 ms (FindLiveObjects: 0.235400 ms CreateObjectMapping: 0.071900 ms MarkObjects: 2.925900 ms  DeleteObjects: 0.034200 ms)

========================================================================
Received Prepare
Registering precompiled user dll's ...
Registered in 0.002159 seconds.
Begin MonoManager ReloadAssembly
Native extension for LinuxStandalone target not found
Native extension for WindowsStandalone target not found
Native extension for WebGL target not found
Refreshing native plugins compatible for Editor in 0.47 ms, found 0 plugins.
Preloading 0 native plugins for Editor in 0.00 ms.
Invoked RoslynAnalysisRunner static constructor.
RoslynAnalysisRunner will not be running.
RoslynAnalysisRunner has terminated.
Mono: successfully reloaded assembly
- Completed reload, in  3.044 seconds
Platform modules already initialized, skipping
Refreshing native plugins compatible for Editor in 0.81 ms, found 0 plugins.
Preloading 0 native plugins for Editor in 0.00 ms.
Unloading 1182 Unused Serialized files (Serialized files now loaded: 0)
System memory in use before: 65.0 MB.
System memory in use after: 65.1 MB.

Unloading 4 unused Assets to reduce memory usage. Loaded Objects now: 1695.
Total: 5.103200 ms (FindLiveObjects: 0.471100 ms CreateObjectMapping: 0.129700 ms MarkObjects: 4.418300 ms  DeleteObjects: 0.079900 ms)

========================================================================
Received Prepare
Registering precompiled user dll's ...
Registered in 0.001505 seconds.
Begin MonoManager ReloadAssembly
Native extension for LinuxStandalone target not found
Native extension for WindowsStandalone target not found
Native extension for WebGL target not found
Refreshing native plugins compatible for Editor in 0.62 ms, found 0 plugins.
Preloading 0 native plugins for Editor in 0.00 ms.
Invoked RoslynAnalysisRunner static constructor.
RoslynAnalysisRunner will not be running.
RoslynAnalysisRunner has terminated.
Mono: successfully reloaded assembly
- Completed reload, in  2.559 seconds
Platform modules already initialized, skipping
Refreshing native plugins compatible for Editor in 0.43 ms, found 0 plugins.
Preloading 0 native plugins for Editor in 0.00 ms.
Unloading 1182 Unused Serialized files (Serialized files now loaded: 0)
System memory in use before: 65.0 MB.
System memory in use after: 65.1 MB.

Unloading 4 unused Assets to reduce memory usage. Loaded Objects now: 1697.
Total: 3.293500 ms (FindLiveObjects: 0.276000 ms CreateObjectMapping: 0.078100 ms MarkObjects: 2.914000 ms  DeleteObjects: 0.023600 ms)

========================================================================
Received Prepare
Registering precompiled user dll's ...
Registered in 0.003141 seconds.
Begin MonoManager ReloadAssembly
Native extension for LinuxStandalone target not found
Native extension for WindowsStandalone target not found
Native extension for WebGL target not found
Refreshing native plugins compatible for Editor in 0.56 ms, found 0 plugins.
Preloading 0 native plugins for Editor in 0.00 ms.
Invoked RoslynAnalysisRunner static constructor.
RoslynAnalysisRunner will not be running.
RoslynAnalysisRunner has terminated.
Mono: successfully reloaded assembly
- Completed reload, in  1.403 seconds
Platform modules already initialized, skipping
Refreshing native plugins compatible for Editor in 0.25 ms, found 0 plugins.
Preloading 0 native plugins for Editor in 0.00 ms.
Unloading 1182 Unused Serialized files (Serialized files now loaded: 0)
System memory in use before: 65.0 MB.
System memory in use after: 65.1 MB.

Unloading 4 unused Assets to reduce memory usage. Loaded Objects now: 1699.
Total: 2.040500 ms (FindLiveObjects: 0.162200 ms CreateObjectMapping: 0.047700 ms MarkObjects: 1.809800 ms  DeleteObjects: 0.019300 ms)

========================================================================
Received Prepare
Registering precompiled user dll's ...
Registered in 0.002825 seconds.
Begin MonoManager ReloadAssembly
Native extension for LinuxStandalone target not found
Native extension for WindowsStandalone target not found
Native extension for WebGL target not found
Refreshing native plugins compatible for Editor in 0.48 ms, found 0 plugins.
Preloading 0 native plugins for Editor in 0.00 ms.
Invoked RoslynAnalysisRunner static constructor.
RoslynAnalysisRunner will not be running.
RoslynAnalysisRunner has terminated.
Mono: successfully reloaded assembly
- Completed reload, in  3.310 seconds
Platform modules already initialized, skipping
Refreshing native plugins compatible for Editor in 0.42 ms, found 0 plugins.
Preloading 0 native plugins for Editor in 0.00 ms.
Unloading 1182 Unused Serialized files (Serialized files now loaded: 0)
System memory in use before: 65.0 MB.
System memory in use after: 65.1 MB.

Unloading 4 unused Assets to reduce memory usage. Loaded Objects now: 1701.
Total: 3.263300 ms (FindLiveObjects: 0.237700 ms CreateObjectMapping: 0.077400 ms MarkObjects: 2.921900 ms  DeleteObjects: 0.024400 ms)

